[debug] > Exec(reload, None, None)
[debug] > Exec(sbtStashOnFailure, None, None)
[debug] > Exec(onFailure loadFailed, None, None)
[debug] > Exec(loadp, None, None)
[info] welcome to sbt 1.6.2 (Oracle Corporation Java 1.8.0_202)
[debug]             Load.loadUnit: plugins took 20.9838ms
[debug]             Load.loadUnit: defsScala took 0.0023ms
[debug] [Loading] Scanning directory C:\Users\dkalin\.sbt\1.0\plugins
[debug] [Loading] Found non-root projects 
[debug] [Loading] Done in C:\Users\dkalin\.sbt\1.0\plugins, returning: ()
[debug] deducing auto plugins based on known facts Set(Atom(sbt.plugins.CorePlugin)) and clauses Clauses(Clause(Atom(sbt.plugins.JvmPlugin),Set(Atom(sbt.plugins.IvyPlugin)))
[debug] Clause(Atom(sbt.ScriptedPlugin),Set(Atom(sbt.plugins.JvmPlugin)))
[debug] Clause(Atom(sbt.plugins.SbtPlugin),Set(Atom(sbt.ScriptedPlugin)))
[debug] Clause(Atom(sbt.plugins.SemanticdbPlugin),Set(Atom(sbt.plugins.JvmPlugin)))
[debug] Clause(Atom(sbt.plugins.JUnitXmlReportPlugin),Set(Atom(sbt.plugins.JvmPlugin)))
[debug] Clause(Atom(sbt.plugins.MiniDependencyTreePlugin),Set(Atom(sbt.plugins.JvmPlugin)))
[debug] Clause(Atom(sbt.plugins.CorePlugin),Set(Atom(sbt.plugins.IvyPlugin)))
[debug] Clause(Atom(sbt.plugins.IvyPlugin),Set(Atom(sbt.plugins.JvmPlugin)))
[debug] Clause(Atom(sbt.plugins.JvmPlugin),Set(Atom(sbt.plugins.SemanticdbPlugin)))
[debug] Clause(Atom(sbt.plugins.JvmPlugin),Set(Atom(sbt.plugins.JUnitXmlReportPlugin)))
[debug] Clause(Atom(sbt.plugins.CorePlugin),Set(Atom(sbt.plugins.Giter8TemplatePlugin)))
[debug] Clause(Atom(sbt.plugins.JvmPlugin),Set(Atom(sbt.plugins.MiniDependencyTreePlugin))))
[debug]   :: deduced result: Matched(sbt.plugins.CorePlugin,sbt.plugins.Giter8TemplatePlugin,sbt.plugins.IvyPlugin,sbt.plugins.JvmPlugin,sbt.plugins.MiniDependencyTreePlugin,sbt.plugins.JUnitXmlReportPlugin,sbt.plugins.SemanticdbPlugin)
[debug] Plugins.deducer#function took 0.9346 ms
[debug]                 Load.resolveProject(global-plugins) took 1.3984ms
[debug]               Load.loadTransitive: finalizeProject(Project(id global-plugins, base: C:\Users\dkalin\.sbt\1.0\plugins, plugins: List(<none>))) took 2.8085ms
[debug] [Loading] Done in C:\Users\dkalin\.sbt\1.0\plugins, returning: (global-plugins)
[debug]             Load.loadUnit: loadedProjectsRaw took 3.6216ms
[debug]             Load.loadUnit: cleanEvalClasses took 0.0077ms
[debug]           Load.loadUnit(file:/C:/Users/dkalin/.sbt/1.0/plugins/, ...) took 25.2713ms
[debug]         Load.apply: load took 26.0463ms
[debug]         Load.apply: resolveProjects took 0.062301ms
[debug]         Load.apply: finalTransforms took 3.530301ms
[debug]         Load.apply: config.delegates took 0.268899ms
[debug]         Load.apply: Def.make(settings)... took 25.1181ms
[debug]         Load.apply: structureIndex took 7.7761ms
[debug]         Load.apply: mkStreams took 0.0037ms
[info] loading global plugins from C:\Users\dkalin\.sbt\1.0\plugins
[debug] Running task... Cancel: Signal, check cycles: false, forcegc: true
[debug]       Load.defaultLoad until apply took 151.791201ms
[debug]                 Load.loadUnit: plugins took 19.486601ms
[debug]                 Load.loadUnit: defsScala took 0.0038ms
[debug] [Loading] Scanning directory C:\parserJsonParquet\project
[debug]                   Load.loadUnit: mkEval took 0.4295ms
[debug] [Loading] Found non-root projects 
[debug] [Loading] Done in C:\parserJsonParquet\project, returning: ()
[debug] deducing auto plugins based on known facts Set(Atom(sbt.plugins.CorePlugin)) and clauses Clauses(Clause(Atom(sbt.plugins.JvmPlugin),Set(Atom(sbt.plugins.IvyPlugin)))
[debug] Clause(Atom(sbt.ScriptedPlugin),Set(Atom(sbt.plugins.JvmPlugin)))
[debug] Clause(Atom(sbt.plugins.SbtPlugin),Set(Atom(sbt.ScriptedPlugin)))
[debug] Clause(Atom(sbt.plugins.SemanticdbPlugin),Set(Atom(sbt.plugins.JvmPlugin)))
[debug] Clause(Atom(sbt.plugins.JUnitXmlReportPlugin),Set(Atom(sbt.plugins.JvmPlugin)))
[debug] Clause(Atom(sbt.plugins.MiniDependencyTreePlugin),Set(Atom(sbt.plugins.JvmPlugin)))
[debug] Clause(Atom(sbt.plugins.CorePlugin),Set(Atom(sbt.plugins.IvyPlugin)))
[debug] Clause(Atom(sbt.plugins.IvyPlugin),Set(Atom(sbt.plugins.JvmPlugin)))
[debug] Clause(Atom(sbt.plugins.JvmPlugin),Set(Atom(sbt.plugins.SemanticdbPlugin)))
[debug] Clause(Atom(sbt.plugins.JvmPlugin),Set(Atom(sbt.plugins.JUnitXmlReportPlugin)))
[debug] Clause(Atom(sbt.plugins.CorePlugin),Set(Atom(sbt.plugins.Giter8TemplatePlugin)))
[debug] Clause(Atom(sbt.plugins.JvmPlugin),Set(Atom(sbt.plugins.MiniDependencyTreePlugin))))
[debug]   :: deduced result: Matched(sbt.plugins.CorePlugin,sbt.plugins.Giter8TemplatePlugin,sbt.plugins.IvyPlugin,sbt.plugins.JvmPlugin,sbt.plugins.MiniDependencyTreePlugin,sbt.plugins.JUnitXmlReportPlugin,sbt.plugins.SemanticdbPlugin)
[debug] Plugins.deducer#function took 0.6932 ms
[info] loading settings for project parserjsonparquet-build from plugins.sbt,idea10.sbt ...
[debug]                     Load.resolveProject(parserjsonparquet-build) took 1.080199ms
[debug]                   Load.loadTransitive: finalizeProject(Project(id parserjsonparquet-build, base: C:\parserJsonParquet\project, plugins: List(<none>))) took 2.0226ms
[debug] [Loading] Done in C:\parserJsonParquet\project, returning: (parserjsonparquet-build)
[debug]                 Load.loadUnit: loadedProjectsRaw took 26.0788ms
[debug]                 Load.loadUnit: cleanEvalClasses took 1.8079ms
[debug]               Load.loadUnit(file:/C:/parserJsonParquet/project/, ...) took 48.2789ms
[debug]             Load.apply: load took 49.430699ms
[debug]             Load.apply: resolveProjects took 0.0854ms
[debug]             Load.apply: finalTransforms took 2.997599ms
[debug]             Load.apply: config.delegates took 0.1637ms
[debug]             Load.apply: Def.make(settings)... took 84.0077ms
[debug]             Load.apply: structureIndex took 8.8835ms
[debug]             Load.apply: mkStreams took 0.003501ms
[info] loading project definition from C:\parserJsonParquet\project
[debug] Running task... Cancel: Signal, check cycles: false, forcegc: true
[warn] Unrecognized repository Scala Plugin Bundled Repository, ignoring it
[warn] Unrecognized repository Scala Plugin Bundled Repository, ignoring it
[warn] 
[warn] 	Note: Some unresolved dependencies have extra attributes.  Check that these dependencies exist with the requested attributes.
[warn] 		com.eed3si9n:sbt-assembly:0.14.0 (sbtVersion=1.0, scalaVersion=2.12)
[warn] 
[warn] 	Note: Unresolved dependencies path:
[error] sbt.librarymanagement.ResolveException: Error downloading com.eed3si9n:sbt-assembly;sbtVersion=1.0;scalaVersion=2.12:0.14.0
[error]   Not found
[error]   Not found
[error]   not found: https://repo1.maven.org/maven2/com/eed3si9n/sbt-assembly_2.12_1.0/0.14.0/sbt-assembly-0.14.0.pom
[error]   not found: C:\Users\dkalin\.ivy2\localcom.eed3si9n\sbt-assembly\scala_2.12\sbt_1.0\0.14.0\ivys\ivy.xml
[error]   not found: https://repo.scala-sbt.org/scalasbt/sbt-plugin-releases/com.eed3si9n/sbt-assembly/scala_2.12/sbt_1.0/0.14.0/ivys/ivy.xml
[error]   not found: https://repo.typesafe.com/typesafe/ivy-releases/com.eed3si9n/sbt-assembly/scala_2.12/sbt_1.0/0.14.0/ivys/ivy.xml
[error] 	at lmcoursier.CoursierDependencyResolution.unresolvedWarningOrThrow(CoursierDependencyResolution.scala:345)
[error] 	at lmcoursier.CoursierDependencyResolution.$anonfun$update$38(CoursierDependencyResolution.scala:314)
[error] 	at scala.util.Either$LeftProjection.map(Either.scala:573)
[error] 	at lmcoursier.CoursierDependencyResolution.update(CoursierDependencyResolution.scala:314)
[error] 	at sbt.librarymanagement.DependencyResolution.update(DependencyResolution.scala:60)
[error] 	at sbt.internal.LibraryManagement$.resolve$1(LibraryManagement.scala:59)
[error] 	at sbt.internal.LibraryManagement$.$anonfun$cachedUpdate$12(LibraryManagement.scala:133)
[error] 	at sbt.util.Tracked$.$anonfun$lastOutput$1(Tracked.scala:73)
[error] 	at sbt.internal.LibraryManagement$.$anonfun$cachedUpdate$20(LibraryManagement.scala:146)
[error] 	at scala.util.control.Exception$Catch.apply(Exception.scala:228)
[error] 	at sbt.internal.LibraryManagement$.$anonfun$cachedUpdate$11(LibraryManagement.scala:146)
[error] 	at sbt.internal.LibraryManagement$.$anonfun$cachedUpdate$11$adapted(LibraryManagement.scala:127)
[error] 	at sbt.util.Tracked$.$anonfun$inputChangedW$1(Tracked.scala:219)
[error] 	at sbt.internal.LibraryManagement$.cachedUpdate(LibraryManagement.scala:160)
[error] 	at sbt.Classpaths$.$anonfun$updateTask0$1(Defaults.scala:3690)
[error] 	at scala.Function1.$anonfun$compose$1(Function1.scala:49)
[error] 	at sbt.internal.util.$tilde$greater.$anonfun$$u2219$1(TypeFunctions.scala:62)
[error] 	at sbt.std.Transform$$anon$4.work(Transform.scala:68)
[error] 	at sbt.Execute.$anonfun$submit$2(Execute.scala:282)
[error] 	at sbt.internal.util.ErrorHandling$.wideConvert(ErrorHandling.scala:23)
[error] 	at sbt.Execute.work(Execute.scala:291)
[error] 	at sbt.Execute.$anonfun$submit$1(Execute.scala:282)
[error] 	at sbt.ConcurrentRestrictions$$anon$4.$anonfun$submitValid$1(ConcurrentRestrictions.scala:265)
[error] 	at sbt.CompletionService$$anon$2.call(CompletionService.scala:64)
[error] 	at java.util.concurrent.FutureTask.run(FutureTask.java:266)
[error] 	at java.util.concurrent.Executors$RunnableAdapter.call(Executors.java:511)
[error] 	at java.util.concurrent.FutureTask.run(FutureTask.java:266)
[error] 	at java.util.concurrent.ThreadPoolExecutor.runWorker(ThreadPoolExecutor.java:1149)
[error] 	at java.util.concurrent.ThreadPoolExecutor$Worker.run(ThreadPoolExecutor.java:624)
[error] 	at java.lang.Thread.run(Thread.java:748)
[error] (update) sbt.librarymanagement.ResolveException: Error downloading com.eed3si9n:sbt-assembly;sbtVersion=1.0;scalaVersion=2.12:0.14.0
[error]   Not found
[error]   Not found
[error]   not found: https://repo1.maven.org/maven2/com/eed3si9n/sbt-assembly_2.12_1.0/0.14.0/sbt-assembly-0.14.0.pom
[error]   not found: C:\Users\dkalin\.ivy2\localcom.eed3si9n\sbt-assembly\scala_2.12\sbt_1.0\0.14.0\ivys\ivy.xml
[error]   not found: https://repo.scala-sbt.org/scalasbt/sbt-plugin-releases/com.eed3si9n/sbt-assembly/scala_2.12/sbt_1.0/0.14.0/ivys/ivy.xml
[error]   not found: https://repo.typesafe.com/typesafe/ivy-releases/com.eed3si9n/sbt-assembly/scala_2.12/sbt_1.0/0.14.0/ivys/ivy.xml
[debug] > Exec(loadFailed, None, None)
[warn] Project loading failed: (r)etry, (q)uit, (l)ast, or (i)gnore? (default: r)
